<?xml version="1.0" encoding="UTF-8"?>
<!-- Generated by org.testng.reporters.JUnitReportReporter -->
<testsuite hostname="DEMON-PC" failures="0" tests="2" name="testCases.ErrorValidationTest" time="30.615" errors="0" timestamp="2024-09-05T11:16:26 IST" skipped="0">
  <testcase classname="testCases.ErrorValidationTest" name="ProductErrorValidation" time="21.246"/>
  <testcase classname="testCases.ErrorValidationTest" name="LoginErrorValidation" time="9.369"/>
</testsuite> <!-- testCases.ErrorValidationTest -->
