<?xml version="1.0" encoding="UTF-8"?>
<!-- Generated by org.testng.reporters.JUnitReportReporter -->
<testsuite hostname="DEMON-PC" failures="0" tests="2" name="testCases.ErrorValidationTest" time="28.174" errors="0" timestamp="2024-09-05T10:26:58 IST" skipped="0">
  <testcase classname="testCases.ErrorValidationTest" name="LoginErrorValidation" time="6.668"/>
  <testcase classname="testCases.ErrorValidationTest" name="ProductErrorValidation" time="21.506"/>
</testsuite> <!-- testCases.ErrorValidationTest -->
