<?xml version="1.0" encoding="UTF-8"?>
<!-- Generated by org.testng.reporters.JUnitReportReporter -->
<testsuite hostname="DEMON-PC" failures="0" tests="2" name="testCases.ErrorValidationTest" time="31.433" errors="0" timestamp="2024-09-06T08:42:30 IST" skipped="0">
  <testcase classname="testCases.ErrorValidationTest" name="LoginErrorValidation" time="9.083"/>
  <system-out/>
  <testcase classname="testCases.ErrorValidationTest" name="ProductErrorValidation" time="22.350"/>
  <system-out/>
</testsuite> <!-- testCases.ErrorValidationTest -->
