<?xml version="1.0" encoding="UTF-8"?>
<!-- Generated by org.testng.reporters.JUnitReportReporter -->
<testsuite hostname="DEMON-PC" failures="0" tests="2" name="testCases.SubmitOrderTest" time="31.738" errors="0" timestamp="2024-09-19T09:36:35 IST" skipped="0">
  <testcase classname="testCases.SubmitOrderTest" name="OrderHistory" time="8.740"/>
  <testcase classname="testCases.SubmitOrderTest" name="submitOrder" time="22.998"/>
</testsuite> <!-- testCases.SubmitOrderTest -->
