<?xml version="1.0" encoding="UTF-8"?>
<!-- Generated by org.testng.reporters.JUnitReportReporter -->
<testsuite hostname="DEMON-PC" failures="0" tests="2" name="testCases.SubmitOrderTest" time="63.202" errors="0" timestamp="2024-09-05T17:34:06 IST" skipped="0">
  <testcase classname="testCases.SubmitOrderTest" name="OrderHistory" time="24.208"/>
  <testcase classname="testCases.SubmitOrderTest" name="submitOrder" time="38.994"/>
</testsuite> <!-- testCases.SubmitOrderTest -->
