<?xml version="1.0" encoding="UTF-8"?>
<!-- Generated by org.testng.reporters.JUnitReportReporter -->
<testsuite hostname="DEMON-PC" failures="0" tests="2" name="testCases.ErrorValidationTest" time="47.365" errors="0" timestamp="2024-09-05T17:34:06 IST" skipped="0">
  <testcase classname="testCases.ErrorValidationTest" name="LoginErrorValidation" time="15.877"/>
  <testcase classname="testCases.ErrorValidationTest" name="ProductErrorValidation" time="31.488"/>
</testsuite> <!-- testCases.ErrorValidationTest -->
