<?xml version="1.0" encoding="UTF-8"?>
<!-- Generated by org.testng.reporters.JUnitReportReporter -->
<testsuite hostname="DEMON-PC" failures="0" tests="2" name="testCases.SubmitOrderTest" time="36.391" errors="0" timestamp="2024-09-06T08:42:30 IST" skipped="0">
  <testcase classname="testCases.SubmitOrderTest" name="OrderHistory" time="10.316"/>
  <system-out/>
  <testcase classname="testCases.SubmitOrderTest" name="submitOrder" time="26.075"/>
  <system-out/>
</testsuite> <!-- testCases.SubmitOrderTest -->
