<?xml version="1.0" encoding="UTF-8"?>
<!-- Generated by org.testng.reporters.JUnitReportReporter -->
<testsuite hostname="DEMON-PC" failures="0" tests="2" name="testCases.SubmitOrderTest" time="30.758" errors="0" timestamp="2024-09-05T10:26:58 IST" skipped="0">
  <testcase classname="testCases.SubmitOrderTest" name="OrderHistory" time="7.613"/>
  <testcase classname="testCases.SubmitOrderTest" name="submitOrder" time="23.145"/>
</testsuite> <!-- testCases.SubmitOrderTest -->
