<?xml version="1.0" encoding="UTF-8"?>
<!-- Generated by org.testng.reporters.JUnitReportReporter -->
<testsuite hostname="DEMON-PC" failures="0" tests="1" name="testCases.ErrorValidationTest" time="9.039" errors="0" timestamp="2024-09-04T22:09:40 IST" skipped="0">
  <testcase classname="testCases.ErrorValidationTest" name="submitOrder" time="9.039"/>
</testsuite> <!-- testCases.ErrorValidationTest -->
