<?xml version="1.0" encoding="UTF-8"?>
<!-- Generated by org.testng.reporters.JUnitReportReporter -->
<testsuite hostname="DEMON-PC" failures="0" tests="2" name="testCases.SubmitOrderTest" time="18.687" errors="0" timestamp="2024-09-06T09:33:21 IST" skipped="0">
  <testcase classname="testCases.SubmitOrderTest" name="submitOrder" time="10.917"/>
  <system-out/>
  <testcase classname="testCases.SubmitOrderTest" name="OrderHistory" time="7.770"/>
  <system-out/>
</testsuite> <!-- testCases.SubmitOrderTest -->
