<?xml version="1.0" encoding="UTF-8"?>
<!-- Generated by org.testng.reporters.JUnitReportReporter -->
<testsuite hostname="DEMON-PC" failures="0" tests="1" name="testCases.SubmitOrderTest" time="28.105" errors="0" timestamp="2024-09-04T22:09:40 IST" skipped="0">
  <testcase classname="testCases.SubmitOrderTest" name="submitOrder" time="28.105"/>
</testsuite> <!-- testCases.SubmitOrderTest -->
